{"C:\\Users\\mijan\\OneDrive\\Pictures\\StadiumPilot AI\\backend\\src\\ai\\ai.service.ts": {"path":"C:\\Users\\mijan\\OneDrive\\Pictures\\StadiumPilot AI\\backend\\src\\ai\\ai.service.ts","statementMap":{"0":{"start":{"line":1,"column":0},"end":{"line":1,"column":44}},"1":{"start":{"line":2,"column":0},"end":{"line":2,"column":59}},"2":{"start":{"line":3,"column":0},"end":{"line":3,"column":50}},"3":{"start":{"line":6,"column":7},"end":{"line":272,"column":null}},"4":{"start":{"line":9,"column":22},"end":{"line":9,"column":30}},"5":{"start":{"line":10,"column":4},"end":{"line":10,"column":71}},"6":{"start":{"line":21,"column":18},"end":{"line":26,"column":6}},"7":{"start":{"line":29,"column":49},"end":{"line":54,"column":6}},"8":{"start":{"line":56,"column":17},"end":{"line":56,"column":42}},"9":{"start":{"line":57,"column":21},"end":{"line":57,"column":54}},"10":{"start":{"line":59,"column":6},"end":{"line":59,"column":70}},"11":{"start":{"line":61,"column":6},"end":{"line":61,"column":78}},"12":{"start":{"line":64,"column":25},"end":{"line":66,"column":37}},"13":{"start":{"line":68,"column":30},"end":{"line":75,"column":35}},"14":{"start":{"line":72,"column":14},"end":{"line":72,"column":88}},"15":{"start":{"line":77,"column":31},"end":{"line":84,"column":37}},"16":{"start":{"line":81,"column":14},"end":{"line":81,"column":196}},"17":{"start":{"line":86,"column":29},"end":{"line":93,"column":41}},"18":{"start":{"line":90,"column":14},"end":{"line":90,"column":78}},"19":{"start":{"line":95,"column":29},"end":{"line":101,"column":39}},"20":{"start":{"line":98,"column":19},"end":{"line":98,"column":77}},"21":{"start":{"line":103,"column":25},"end":{"line":110,"column":52}},"22":{"start":{"line":107,"column":14},"end":{"line":107,"column":87}},"23":{"start":{"line":112,"column":33},"end":{"line":119,"column":34}},"24":{"start":{"line":116,"column":14},"end":{"line":116,"column":89}},"25":{"start":{"line":121,"column":27},"end":{"line":126,"column":43}},"26":{"start":{"line":124,"column":22},"end":{"line":124,"column":78}},"27":{"start":{"line":129,"column":19},"end":{"line":144,"column":6}},"28":{"start":{"line":146,"column":4},"end":{"line":185,"column":5}},"29":{"start":{"line":147,"column":21},"end":{"line":147,"column":56}},"30":{"start":{"line":148,"column":25},"end":{"line":148,"column":54}},"31":{"start":{"line":151,"column":6},"end":{"line":153,"column":7}},"32":{"start":{"line":152,"column":8},"end":{"line":152,"column":49}},"33":{"start":{"line":154,"column":6},"end":{"line":156,"column":7}},"34":{"start":{"line":155,"column":8},"end":{"line":155,"column":74}},"35":{"start":{"line":157,"column":6},"end":{"line":157,"column":41}},"36":{"start":{"line":159,"column":25},"end":{"line":159,"column":49}},"37":{"start":{"line":161,"column":6},"end":{"line":167,"column":8}},"38":{"start":{"line":169,"column":6},"end":{"line":169,"column":54}},"39":{"start":{"line":170,"column":6},"end":{"line":184,"column":8}},"40":{"start":{"line":204,"column":4},"end":{"line":270,"column":17}},"41":{"start":{"line":6,"column":13},"end":{"line":6,"column":22}},"42":{"start":{"line":6,"column":13},"end":{"line":272,"column":null}}},"fnMap":{"0":{"name":"(anonymous_2)","decl":{"start":{"line":9,"column":2},"end":{"line":9,"column":22}},"loc":{"start":{"line":9,"column":43},"end":{"line":11,"column":3}}},"1":{"name":"(anonymous_3)","decl":{"start":{"line":13,"column":2},"end":{"line":13,"column":7}},"loc":{"start":{"line":19,"column":20},"end":{"line":186,"column":3}}},"2":{"name":"(anonymous_4)","decl":{"start":{"line":71,"column":12},"end":{"line":71,"column":13}},"loc":{"start":{"line":72,"column":14},"end":{"line":72,"column":88}}},"3":{"name":"(anonymous_5)","decl":{"start":{"line":80,"column":12},"end":{"line":80,"column":13}},"loc":{"start":{"line":81,"column":14},"end":{"line":81,"column":196}}},"4":{"name":"(anonymous_6)","decl":{"start":{"line":89,"column":12},"end":{"line":89,"column":13}},"loc":{"start":{"line":90,"column":14},"end":{"line":90,"column":78}}},"5":{"name":"(anonymous_7)","decl":{"start":{"line":98,"column":12},"end":{"line":98,"column":13}},"loc":{"start":{"line":98,"column":19},"end":{"line":98,"column":77}}},"6":{"name":"(anonymous_8)","decl":{"start":{"line":106,"column":12},"end":{"line":106,"column":13}},"loc":{"start":{"line":107,"column":14},"end":{"line":107,"column":87}}},"7":{"name":"(anonymous_9)","decl":{"start":{"line":115,"column":12},"end":{"line":115,"column":13}},"loc":{"start":{"line":116,"column":14},"end":{"line":116,"column":89}}},"8":{"name":"(anonymous_10)","decl":{"start":{"line":124,"column":15},"end":{"line":124,"column":16}},"loc":{"start":{"line":124,"column":22},"end":{"line":124,"column":78}}},"9":{"name":"(anonymous_11)","decl":{"start":{"line":188,"column":10},"end":{"line":188,"column":21}},"loc":{"start":{"line":203,"column":3},"end":{"line":271,"column":3}}}},"branchMap":{"0":{"loc":{"start":{"line":10,"column":37},"end":{"line":10,"column":69}},"type":"binary-expr","locations":[{"start":{"line":10,"column":37},"end":{"line":10,"column":63}},{"start":{"line":10,"column":67},"end":{"line":10,"column":69}}]},"1":{"loc":{"start":{"line":16,"column":4},"end":{"line":16,"column":23}},"type":"default-arg","locations":[{"start":{"line":16,"column":21},"end":{"line":16,"column":23}}]},"2":{"loc":{"start":{"line":17,"column":4},"end":{"line":17,"column":28}},"type":"default-arg","locations":[{"start":{"line":17,"column":24},"end":{"line":17,"column":28}}]},"3":{"loc":{"start":{"line":18,"column":4},"end":{"line":18,"column":33}},"type":"default-arg","locations":[{"start":{"line":18,"column":19},"end":{"line":18,"column":33}}]},"4":{"loc":{"start":{"line":33,"column":6},"end":{"line":52,"column":12}},"type":"cond-expr","locations":[{"start":{"line":34,"column":10},"end":{"line":43,"column":12}},{"start":{"line":44,"column":10},"end":{"line":52,"column":12}}]},"5":{"loc":{"start":{"line":56,"column":17},"end":{"line":56,"column":42}},"type":"binary-expr","locations":[{"start":{"line":56,"column":17},"end":{"line":56,"column":29}},{"start":{"line":56,"column":33},"end":{"line":56,"column":42}}]},"6":{"loc":{"start":{"line":57,"column":21},"end":{"line":57,"column":54}},"type":"binary-expr","locations":[{"start":{"line":57,"column":21},"end":{"line":57,"column":37}},{"start":{"line":57,"column":41},"end":{"line":57,"column":54}}]},"7":{"loc":{"start":{"line":59,"column":6},"end":{"line":59,"column":70}},"type":"binary-expr","locations":[{"start":{"line":59,"column":6},"end":{"line":59,"column":28}},{"start":{"line":59,"column":32},"end":{"line":59,"column":57}},{"start":{"line":59,"column":61},"end":{"line":59,"column":70}}]},"8":{"loc":{"start":{"line":61,"column":6},"end":{"line":61,"column":78}},"type":"binary-expr","locations":[{"start":{"line":61,"column":6},"end":{"line":61,"column":33}},{"start":{"line":61,"column":37},"end":{"line":61,"column":68}},{"start":{"line":61,"column":72},"end":{"line":61,"column":78}}]},"9":{"loc":{"start":{"line":64,"column":25},"end":{"line":66,"column":37}},"type":"cond-expr","locations":[{"start":{"line":65,"column":8},"end":{"line":65,"column":139}},{"start":{"line":66,"column":8},"end":{"line":66,"column":37}}]},"10":{"loc":{"start":{"line":68,"column":30},"end":{"line":75,"column":35}},"type":"cond-expr","locations":[{"start":{"line":69,"column":8},"end":{"line":74,"column":21}},{"start":{"line":75,"column":8},"end":{"line":75,"column":35}}]},"11":{"loc":{"start":{"line":77,"column":31},"end":{"line":84,"column":37}},"type":"cond-expr","locations":[{"start":{"line":78,"column":8},"end":{"line":83,"column":21}},{"start":{"line":84,"column":8},"end":{"line":84,"column":37}}]},"12":{"loc":{"start":{"line":81,"column":100},"end":{"line":81,"column":122}},"type":"cond-expr","locations":[{"start":{"line":81,"column":110},"end":{"line":81,"column":115}},{"start":{"line":81,"column":118},"end":{"line":81,"column":122}}]},"13":{"loc":{"start":{"line":81,"column":132},"end":{"line":81,"column":159}},"type":"cond-expr","locations":[{"start":{"line":81,"column":147},"end":{"line":81,"column":152}},{"start":{"line":81,"column":155},"end":{"line":81,"column":159}}]},"14":{"loc":{"start":{"line":81,"column":171},"end":{"line":81,"column":193}},"type":"cond-expr","locations":[{"start":{"line":81,"column":181},"end":{"line":81,"column":186}},{"start":{"line":81,"column":189},"end":{"line":81,"column":193}}]},"15":{"loc":{"start":{"line":86,"column":29},"end":{"line":93,"column":41}},"type":"cond-expr","locations":[{"start":{"line":87,"column":8},"end":{"line":92,"column":21}},{"start":{"line":93,"column":8},"end":{"line":93,"column":41}}]},"16":{"loc":{"start":{"line":95,"column":29},"end":{"line":101,"column":39}},"type":"cond-expr","locations":[{"start":{"line":96,"column":8},"end":{"line":100,"column":21}},{"start":{"line":101,"column":8},"end":{"line":101,"column":39}}]},"17":{"loc":{"start":{"line":103,"column":25},"end":{"line":110,"column":52}},"type":"cond-expr","locations":[{"start":{"line":104,"column":8},"end":{"line":109,"column":21}},{"start":{"line":110,"column":8},"end":{"line":110,"column":52}}]},"18":{"loc":{"start":{"line":112,"column":33},"end":{"line":119,"column":34}},"type":"cond-expr","locations":[{"start":{"line":113,"column":8},"end":{"line":118,"column":21}},{"start":{"line":119,"column":8},"end":{"line":119,"column":34}}]},"19":{"loc":{"start":{"line":121,"column":27},"end":{"line":126,"column":43}},"type":"cond-expr","locations":[{"start":{"line":122,"column":8},"end":{"line":125,"column":21}},{"start":{"line":126,"column":8},"end":{"line":126,"column":43}}]},"20":{"loc":{"start":{"line":124,"column":25},"end":{"line":124,"column":65}},"type":"cond-expr","locations":[{"start":{"line":124,"column":47},"end":{"line":124,"column":53}},{"start":{"line":124,"column":56},"end":{"line":124,"column":65}}]},"21":{"loc":{"start":{"line":151,"column":6},"end":{"line":153,"column":7}},"type":"if","locations":[{"start":{"line":151,"column":6},"end":{"line":153,"column":7}},{"start":{},"end":{}}]},"22":{"loc":{"start":{"line":154,"column":6},"end":{"line":156,"column":7}},"type":"if","locations":[{"start":{"line":154,"column":6},"end":{"line":156,"column":7}},{"start":{},"end":{}}]},"23":{"loc":{"start":{"line":164,"column":18},"end":{"line":164,"column":74}},"type":"cond-expr","locations":[{"start":{"line":164,"column":52},"end":{"line":164,"column":63}},{"start":{"line":164,"column":66},"end":{"line":164,"column":74}}]},"24":{"loc":{"start":{"line":9,"column":30},"end":{"line":9,"column":null}},"type":"cond-expr","locations":[{"start":{"line":9,"column":43},"end":{"line":9,"column":null}},{"start":{"line":9,"column":43},"end":{"line":9,"column":null}}]},"25":{"loc":{"start":{"line":9,"column":30},"end":{"line":9,"column":43}},"type":"binary-expr","locations":[{"start":{"line":9,"column":30},"end":{"line":9,"column":null}},{"start":{"line":9,"column":30},"end":{"line":9,"column":43}}]}},"s":{"0":1,"1":1,"2":1,"3":1,"4":3,"5":3,"6":2,"7":2,"8":2,"9":2,"10":2,"11":2,"12":2,"13":2,"14":1,"15":2,"16":1,"17":2,"18":1,"19":2,"20":1,"21":2,"22":1,"23":2,"24":1,"25":2,"26":2,"27":2,"28":2,"29":2,"30":1,"31":1,"32":1,"33":1,"34":1,"35":1,"36":1,"37":1,"38":1,"39":1,"40":2,"41":1,"42":1},"f":{"0":3,"1":2,"2":1,"3":1,"4":1,"5":1,"6":1,"7":1,"8":2,"9":2},"b":{"0":[3,3],"1":[0],"2":[2],"3":[2],"4":[0,2],"5":[2,0],"6":[2,0],"7":[2,2,2],"8":[2,2,2],"9":[1,1],"10":[1,1],"11":[1,1],"12":[1,0],"13":[0,1],"14":[0,1],"15":[1,1],"16":[1,1],"17":[1,1],"18":[1,1],"19":[1,1],"20":[1,1],"21":[1,0],"22":[1,0],"23":[0,1],"24":[1,0],"25":[1,1]}}
,"C:\\Users\\mijan\\OneDrive\\Pictures\\StadiumPilot AI\\backend\\src\\auth\\auth.service.ts": {"path":"C:\\Users\\mijan\\OneDrive\\Pictures\\StadiumPilot AI\\backend\\src\\auth\\auth.service.ts","statementMap":{"0":{"start":{"line":1,"column":0},"end":{"line":1,"column":65}},"1":{"start":{"line":2,"column":0},"end":{"line":2,"column":41}},"2":{"start":{"line":3,"column":0},"end":{"line":3,"column":54}},"3":{"start":{"line":4,"column":0},"end":{"line":4,"column":33}},"4":{"start":{"line":8,"column":7},"end":{"line":83,"column":null}},"5":{"start":{"line":10,"column":12},"end":{"line":10,"column":26}},"6":{"start":{"line":11,"column":12},"end":{"line":11,"column":24}},"7":{"start":{"line":15,"column":17},"end":{"line":15,"column":59}},"8":{"start":{"line":16,"column":4},"end":{"line":20,"column":5}},"9":{"start":{"line":17,"column":49},"end":{"line":17,"column":53}},"10":{"start":{"line":18,"column":6},"end":{"line":18,"column":21}},"11":{"start":{"line":19,"column":6},"end":{"line":19,"column":20}},"12":{"start":{"line":21,"column":4},"end":{"line":21,"column":16}},"13":{"start":{"line":25,"column":20},"end":{"line":25,"column":72}},"14":{"start":{"line":26,"column":4},"end":{"line":37,"column":6}},"15":{"start":{"line":46,"column":4},"end":{"line":48,"column":5}},"16":{"start":{"line":47,"column":6},"end":{"line":47,"column":70}},"17":{"start":{"line":49,"column":25},"end":{"line":49,"column":61}},"18":{"start":{"line":50,"column":17},"end":{"line":55,"column":6}},"19":{"start":{"line":57,"column":4},"end":{"line":57,"column":28}},"20":{"start":{"line":61,"column":17},"end":{"line":61,"column":59}},"21":{"start":{"line":62,"column":4},"end":{"line":64,"column":5}},"22":{"start":{"line":63,"column":6},"end":{"line":63,"column":75}},"23":{"start":{"line":65,"column":4},"end":{"line":69,"column":6}},"24":{"start":{"line":73,"column":17},"end":{"line":73,"column":59}},"25":{"start":{"line":74,"column":4},"end":{"line":76,"column":5}},"26":{"start":{"line":75,"column":6},"end":{"line":75,"column":75}},"27":{"start":{"line":77,"column":25},"end":{"line":77,"column":52}},"28":{"start":{"line":78,"column":4},"end":{"line":78,"column":64}},"29":{"start":{"line":79,"column":4},"end":{"line":81,"column":6}},"30":{"start":{"line":8,"column":13},"end":{"line":8,"column":24}},"31":{"start":{"line":8,"column":13},"end":{"line":83,"column":null}}},"fnMap":{"0":{"name":"(anonymous_11)","decl":{"start":{"line":9,"column":2},"end":{"line":9,"column":null}},"loc":{"start":{"line":11,"column":34},"end":{"line":12,"column":6}}},"1":{"name":"(anonymous_12)","decl":{"start":{"line":14,"column":2},"end":{"line":14,"column":7}},"loc":{"start":{"line":14,"column":48},"end":{"line":22,"column":3}}},"2":{"name":"(anonymous_13)","decl":{"start":{"line":24,"column":2},"end":{"line":24,"column":7}},"loc":{"start":{"line":24,"column":23},"end":{"line":38,"column":3}}},"3":{"name":"(anonymous_14)","decl":{"start":{"line":40,"column":2},"end":{"line":40,"column":7}},"loc":{"start":{"line":45,"column":3},"end":{"line":58,"column":3}}},"4":{"name":"(anonymous_15)","decl":{"start":{"line":60,"column":2},"end":{"line":60,"column":7}},"loc":{"start":{"line":60,"column":36},"end":{"line":70,"column":3}}},"5":{"name":"(anonymous_16)","decl":{"start":{"line":72,"column":2},"end":{"line":72,"column":7}},"loc":{"start":{"line":72,"column":49},"end":{"line":82,"column":3}}}},"branchMap":{"0":{"loc":{"start":{"line":16,"column":4},"end":{"line":20,"column":5}},"type":"if","locations":[{"start":{"line":16,"column":4},"end":{"line":20,"column":5}},{"start":{},"end":{}}]},"1":{"loc":{"start":{"line":16,"column":8},"end":{"line":16,"column":59}},"type":"binary-expr","locations":[{"start":{"line":16,"column":8},"end":{"line":16,"column":12}},{"start":{"line":16,"column":17},"end":{"line":16,"column":58}}]},"2":{"loc":{"start":{"line":46,"column":4},"end":{"line":48,"column":5}},"type":"if","locations":[{"start":{"line":46,"column":4},"end":{"line":48,"column":5}},{"start":{},"end":{}}]},"3":{"loc":{"start":{"line":46,"column":8},"end":{"line":46,"column":69}},"type":"binary-expr","locations":[{"start":{"line":46,"column":8},"end":{"line":46,"column":19}},{"start":{"line":46,"column":23},"end":{"line":46,"column":37}},{"start":{"line":46,"column":41},"end":{"line":46,"column":55}},{"start":{"line":46,"column":59},"end":{"line":46,"column":69}}]},"4":{"loc":{"start":{"line":62,"column":4},"end":{"line":64,"column":5}},"type":"if","locations":[{"start":{"line":62,"column":4},"end":{"line":64,"column":5}},{"start":{},"end":{}}]},"5":{"loc":{"start":{"line":74,"column":4},"end":{"line":76,"column":5}},"type":"if","locations":[{"start":{"line":74,"column":4},"end":{"line":76,"column":5}},{"start":{},"end":{}}]},"6":{"loc":{"start":{"line":10,"column":26},"end":{"line":10,"column":null}},"type":"cond-expr","locations":[{"start":{"line":10,"column":38},"end":{"line":10,"column":null}},{"start":{"line":10,"column":38},"end":{"line":10,"column":null}}]},"7":{"loc":{"start":{"line":10,"column":26},"end":{"line":10,"column":38}},"type":"binary-expr","locations":[{"start":{"line":10,"column":26},"end":{"line":10,"column":null}},{"start":{"line":10,"column":26},"end":{"line":10,"column":38}}]},"8":{"loc":{"start":{"line":10,"column":38},"end":{"line":11,"column":null}},"type":"cond-expr","locations":[{"start":{"line":11,"column":34},"end":{"line":11,"column":null}},{"start":{"line":11,"column":34},"end":{"line":11,"column":null}}]},"9":{"loc":{"start":{"line":10,"column":38},"end":{"line":11,"column":34}},"type":"binary-expr","locations":[{"start":{"line":10,"column":38},"end":{"line":11,"column":null}},{"start":{"line":11,"column":24},"end":{"line":11,"column":34}}]}},"s":{"0":1,"1":1,"2":1,"3":1,"4":1,"5":11,"6":11,"7":3,"8":3,"9":1,"10":1,"11":1,"12":2,"13":2,"14":2,"15":2,"16":1,"17":1,"18":1,"19":1,"20":2,"21":2,"22":1,"23":1,"24":2,"25":2,"26":1,"27":1,"28":1,"29":1,"30":1,"31":1},"f":{"0":11,"1":3,"2":2,"3":2,"4":2,"5":2},"b":{"0":[1,2],"1":[3,2],"2":[1,1],"3":[2,1,1,1],"4":[1,1],"5":[1,1],"6":[1,0],"7":[1,1],"8":[1,0],"9":[1,1]}}
,"C:\\Users\\mijan\\OneDrive\\Pictures\\StadiumPilot AI\\backend\\src\\conversation\\conversation.service.ts": {"path":"C:\\Users\\mijan\\OneDrive\\Pictures\\StadiumPilot AI\\backend\\src\\conversation\\conversation.service.ts","statementMap":{"0":{"start":{"line":1,"column":0},"end":{"line":1,"column":44}},"1":{"start":{"line":2,"column":0},"end":{"line":2,"column":50}},"2":{"start":{"line":5,"column":7},"end":{"line":50,"column":null}},"3":{"start":{"line":6,"column":22},"end":{"line":6,"column":30}},"4":{"start":{"line":9,"column":4},"end":{"line":14,"column":7}},"5":{"start":{"line":18,"column":4},"end":{"line":21,"column":7}},"6":{"start":{"line":25,"column":4},"end":{"line":32,"column":7}},"7":{"start":{"line":36,"column":4},"end":{"line":38,"column":7}},"8":{"start":{"line":42,"column":4},"end":{"line":48,"column":7}},"9":{"start":{"line":5,"column":13},"end":{"line":5,"column":32}},"10":{"start":{"line":5,"column":13},"end":{"line":50,"column":null}}},"fnMap":{"0":{"name":"(anonymous_2)","decl":{"start":{"line":6,"column":2},"end":{"line":6,"column":22}},"loc":{"start":{"line":6,"column":43},"end":{"line":6,"column":47}}},"1":{"name":"(anonymous_3)","decl":{"start":{"line":8,"column":2},"end":{"line":8,"column":7}},"loc":{"start":{"line":8,"column":44},"end":{"line":15,"column":3}}},"2":{"name":"(anonymous_4)","decl":{"start":{"line":17,"column":2},"end":{"line":17,"column":7}},"loc":{"start":{"line":17,"column":30},"end":{"line":22,"column":3}}},"3":{"name":"(anonymous_5)","decl":{"start":{"line":24,"column":2},"end":{"line":24,"column":7}},"loc":{"start":{"line":24,"column":26},"end":{"line":33,"column":3}}},"4":{"name":"(anonymous_6)","decl":{"start":{"line":35,"column":2},"end":{"line":35,"column":7}},"loc":{"start":{"line":35,"column":25},"end":{"line":39,"column":3}}},"5":{"name":"(anonymous_7)","decl":{"start":{"line":41,"column":2},"end":{"line":41,"column":7}},"loc":{"start":{"line":41,"column":72},"end":{"line":49,"column":3}}}},"branchMap":{"0":{"loc":{"start":{"line":6,"column":30},"end":{"line":6,"column":46}},"type":"cond-expr","locations":[{"start":{"line":6,"column":43},"end":{"line":6,"column":46}},{"start":{"line":6,"column":43},"end":{"line":6,"column":46}}]},"1":{"loc":{"start":{"line":6,"column":30},"end":{"line":6,"column":43}},"type":"binary-expr","locations":[{"start":{"line":6,"column":30},"end":{"line":6,"column":46}},{"start":{"line":6,"column":30},"end":{"line":6,"column":43}}]}},"s":{"0":1,"1":1,"2":1,"3":6,"4":1,"5":1,"6":1,"7":1,"8":1,"9":1,"10":1},"f":{"0":6,"1":1,"2":1,"3":1,"4":1,"5":1},"b":{"0":[1,0],"1":[1,1]}}
,"C:\\Users\\mijan\\OneDrive\\Pictures\\StadiumPilot AI\\backend\\src\\emergency\\emergency.service.ts": {"path":"C:\\Users\\mijan\\OneDrive\\Pictures\\StadiumPilot AI\\backend\\src\\emergency\\emergency.service.ts","statementMap":{"0":{"start":{"line":1,"column":0},"end":{"line":1,"column":63}},"1":{"start":{"line":2,"column":0},"end":{"line":2,"column":50}},"2":{"start":{"line":5,"column":7},"end":{"line":101,"column":null}},"3":{"start":{"line":6,"column":29},"end":{"line":6,"column":31}},"4":{"start":{"line":8,"column":22},"end":{"line":8,"column":30}},"5":{"start":{"line":9,"column":4},"end":{"line":37,"column":6}},"6":{"start":{"line":44,"column":17},"end":{"line":47,"column":6}},"7":{"start":{"line":49,"column":24},"end":{"line":58,"column":6}},"8":{"start":{"line":60,"column":4},"end":{"line":60,"column":40}},"9":{"start":{"line":62,"column":4},"end":{"line":64,"column":6}},"10":{"start":{"line":66,"column":4},"end":{"line":74,"column":6}},"11":{"start":{"line":78,"column":4},"end":{"line":78,"column":26}},"12":{"start":{"line":82,"column":21},"end":{"line":82,"column":60}},"13":{"start":{"line":82,"column":48},"end":{"line":82,"column":59}},"14":{"start":{"line":83,"column":4},"end":{"line":85,"column":5}},"15":{"start":{"line":84,"column":6},"end":{"line":84,"column":56}},"16":{"start":{"line":86,"column":4},"end":{"line":86,"column":29}},"17":{"start":{"line":87,"column":4},"end":{"line":89,"column":5}},"18":{"start":{"line":88,"column":6},"end":{"line":88,"column":35}},"19":{"start":{"line":90,"column":4},"end":{"line":90,"column":20}},"20":{"start":{"line":94,"column":4},"end":{"line":99,"column":7}},"21":{"start":{"line":5,"column":13},"end":{"line":5,"column":29}},"22":{"start":{"line":5,"column":13},"end":{"line":101,"column":null}}},"fnMap":{"0":{"name":"(anonymous_2)","decl":{"start":{"line":8,"column":2},"end":{"line":8,"column":22}},"loc":{"start":{"line":8,"column":43},"end":{"line":38,"column":3}}},"1":{"name":"(anonymous_3)","decl":{"start":{"line":40,"column":2},"end":{"line":40,"column":7}},"loc":{"start":{"line":42,"column":69},"end":{"line":75,"column":3}}},"2":{"name":"(anonymous_4)","decl":{"start":{"line":77,"column":2},"end":{"line":77,"column":7}},"loc":{"start":{"line":77,"column":15},"end":{"line":79,"column":3}}},"3":{"name":"(anonymous_5)","decl":{"start":{"line":81,"column":2},"end":{"line":81,"column":7}},"loc":{"start":{"line":81,"column":68},"end":{"line":91,"column":3}}},"4":{"name":"(anonymous_6)","decl":{"start":{"line":82,"column":41},"end":{"line":82,"column":42}},"loc":{"start":{"line":82,"column":48},"end":{"line":82,"column":59}}},"5":{"name":"(anonymous_7)","decl":{"start":{"line":93,"column":2},"end":{"line":93,"column":7}},"loc":{"start":{"line":93,"column":55},"end":{"line":100,"column":3}}}},"branchMap":{"0":{"loc":{"start":{"line":53,"column":16},"end":{"line":53,"column":41}},"type":"binary-expr","locations":[{"start":{"line":53,"column":16},"end":{"line":53,"column":29}},{"start":{"line":53,"column":33},"end":{"line":53,"column":41}}]},"1":{"loc":{"start":{"line":57,"column":16},"end":{"line":57,"column":65}},"type":"binary-expr","locations":[{"start":{"line":57,"column":16},"end":{"line":57,"column":20}},{"start":{"line":57,"column":24},"end":{"line":57,"column":65}}]},"2":{"loc":{"start":{"line":83,"column":4},"end":{"line":85,"column":5}},"type":"if","locations":[{"start":{"line":83,"column":4},"end":{"line":85,"column":5}},{"start":{},"end":{}}]},"3":{"loc":{"start":{"line":87,"column":4},"end":{"line":89,"column":5}},"type":"if","locations":[{"start":{"line":87,"column":4},"end":{"line":89,"column":5}},{"start":{},"end":{}}]},"4":{"loc":{"start":{"line":96,"column":17},"end":{"line":96,"column":46}},"type":"cond-expr","locations":[{"start":{"line":96,"column":27},"end":{"line":96,"column":34}},{"start":{"line":96,"column":37},"end":{"line":96,"column":46}}]},"5":{"loc":{"start":{"line":97,"column":14},"end":{"line":97,"column":37}},"type":"cond-expr","locations":[{"start":{"line":97,"column":21},"end":{"line":97,"column":25}},{"start":{"line":97,"column":28},"end":{"line":97,"column":37}}]},"6":{"loc":{"start":{"line":8,"column":30},"end":{"line":8,"column":null}},"type":"cond-expr","locations":[{"start":{"line":8,"column":43},"end":{"line":8,"column":null}},{"start":{"line":8,"column":43},"end":{"line":8,"column":null}}]},"7":{"loc":{"start":{"line":8,"column":30},"end":{"line":8,"column":43}},"type":"binary-expr","locations":[{"start":{"line":8,"column":30},"end":{"line":8,"column":null}},{"start":{"line":8,"column":30},"end":{"line":8,"column":43}}]}},"s":{"0":1,"1":1,"2":1,"3":5,"4":5,"5":5,"6":1,"7":1,"8":1,"9":1,"10":1,"11":2,"12":2,"13":3,"14":2,"15":1,"16":1,"17":1,"18":1,"19":1,"20":1,"21":1,"22":1},"f":{"0":5,"1":1,"2":2,"3":2,"4":3,"5":1},"b":{"0":[1,0],"1":[1,0],"2":[1,1],"3":[1,0],"4":[1,0],"5":[1,0],"6":[1,0],"7":[1,1]}}
,"C:\\Users\\mijan\\OneDrive\\Pictures\\StadiumPilot AI\\backend\\src\\users\\users.service.ts": {"path":"C:\\Users\\mijan\\OneDrive\\Pictures\\StadiumPilot AI\\backend\\src\\users\\users.service.ts","statementMap":{"0":{"start":{"line":1,"column":0},"end":{"line":1,"column":63}},"1":{"start":{"line":2,"column":0},"end":{"line":2,"column":50}},"2":{"start":{"line":6,"column":7},"end":{"line":50,"column":null}},"3":{"start":{"line":7,"column":22},"end":{"line":7,"column":30}},"4":{"start":{"line":10,"column":4},"end":{"line":12,"column":7}},"5":{"start":{"line":16,"column":4},"end":{"line":18,"column":7}},"6":{"start":{"line":27,"column":21},"end":{"line":27,"column":55}},"7":{"start":{"line":28,"column":4},"end":{"line":30,"column":5}},"8":{"start":{"line":29,"column":6},"end":{"line":29,"column":62}},"9":{"start":{"line":32,"column":4},"end":{"line":41,"column":7}},"10":{"start":{"line":45,"column":4},"end":{"line":48,"column":7}},"11":{"start":{"line":6,"column":13},"end":{"line":6,"column":25}},"12":{"start":{"line":6,"column":13},"end":{"line":50,"column":null}}},"fnMap":{"0":{"name":"(anonymous_2)","decl":{"start":{"line":7,"column":2},"end":{"line":7,"column":22}},"loc":{"start":{"line":7,"column":43},"end":{"line":7,"column":47}}},"1":{"name":"(anonymous_3)","decl":{"start":{"line":9,"column":2},"end":{"line":9,"column":7}},"loc":{"start":{"line":9,"column":33},"end":{"line":13,"column":3}}},"2":{"name":"(anonymous_4)","decl":{"start":{"line":15,"column":2},"end":{"line":15,"column":7}},"loc":{"start":{"line":15,"column":27},"end":{"line":19,"column":3}}},"3":{"name":"(anonymous_5)","decl":{"start":{"line":21,"column":2},"end":{"line":21,"column":7}},"loc":{"start":{"line":26,"column":3},"end":{"line":42,"column":3}}},"4":{"name":"(anonymous_6)","decl":{"start":{"line":44,"column":2},"end":{"line":44,"column":7}},"loc":{"start":{"line":44,"column":58},"end":{"line":49,"column":3}}}},"branchMap":{"0":{"loc":{"start":{"line":28,"column":4},"end":{"line":30,"column":5}},"type":"if","locations":[{"start":{"line":28,"column":4},"end":{"line":30,"column":5}},{"start":{},"end":{}}]},"1":{"loc":{"start":{"line":7,"column":30},"end":{"line":7,"column":46}},"type":"cond-expr","locations":[{"start":{"line":7,"column":43},"end":{"line":7,"column":46}},{"start":{"line":7,"column":43},"end":{"line":7,"column":46}}]},"2":{"loc":{"start":{"line":7,"column":30},"end":{"line":7,"column":43}},"type":"binary-expr","locations":[{"start":{"line":7,"column":30},"end":{"line":7,"column":46}},{"start":{"line":7,"column":30},"end":{"line":7,"column":43}}]}},"s":{"0":2,"1":2,"2":2,"3":6,"4":4,"5":1,"6":2,"7":2,"8":1,"9":1,"10":0,"11":2,"12":2},"f":{"0":6,"1":4,"2":1,"3":2,"4":0},"b":{"0":[1,1],"1":[2,0],"2":[2,2]}}
}
