TN:
SF:src\ai\ai.service.ts
FN:9,(anonymous_2)
FN:13,(anonymous_3)
FN:71,(anonymous_4)
FN:80,(anonymous_5)
FN:89,(anonymous_6)
FN:98,(anonymous_7)
FN:106,(anonymous_8)
FN:115,(anonymous_9)
FN:124,(anonymous_10)
FN:188,(anonymous_11)
FNF:10
FNH:10
FNDA:3,(anonymous_2)
FNDA:2,(anonymous_3)
FNDA:1,(anonymous_4)
FNDA:1,(anonymous_5)
FNDA:1,(anonymous_6)
FNDA:1,(anonymous_7)
FNDA:1,(anonymous_8)
FNDA:1,(anonymous_9)
FNDA:2,(anonymous_10)
FNDA:2,(anonymous_11)
DA:1,1
DA:2,1
DA:3,1
DA:6,1
DA:9,3
DA:10,3
DA:21,2
DA:29,2
DA:56,2
DA:57,2
DA:59,2
DA:61,2
DA:64,2
DA:68,2
DA:72,1
DA:77,2
DA:81,1
DA:86,2
DA:90,1
DA:95,2
DA:98,1
DA:103,2
DA:107,1
DA:112,2
DA:116,1
DA:121,2
DA:124,2
DA:129,2
DA:146,2
DA:147,2
DA:148,1
DA:151,1
DA:152,1
DA:154,1
DA:155,1
DA:157,1
DA:159,1
DA:161,1
DA:169,1
DA:170,1
DA:204,2
LF:41
LH:41
BRDA:10,0,0,3
BRDA:10,0,1,3
BRDA:16,1,0,0
BRDA:17,2,0,2
BRDA:18,3,0,2
BRDA:33,4,0,0
BRDA:33,4,1,2
BRDA:56,5,0,2
BRDA:56,5,1,0
BRDA:57,6,0,2
BRDA:57,6,1,0
BRDA:59,7,0,2
BRDA:59,7,1,2
BRDA:59,7,2,2
BRDA:61,8,0,2
BRDA:61,8,1,2
BRDA:61,8,2,2
BRDA:64,9,0,1
BRDA:64,9,1,1
BRDA:68,10,0,1
BRDA:68,10,1,1
BRDA:77,11,0,1
BRDA:77,11,1,1
BRDA:81,12,0,1
BRDA:81,12,1,0
BRDA:81,13,0,0
BRDA:81,13,1,1
BRDA:81,14,0,0
BRDA:81,14,1,1
BRDA:86,15,0,1
BRDA:86,15,1,1
BRDA:95,16,0,1
BRDA:95,16,1,1
BRDA:103,17,0,1
BRDA:103,17,1,1
BRDA:112,18,0,1
BRDA:112,18,1,1
BRDA:121,19,0,1
BRDA:121,19,1,1
BRDA:124,20,0,1
BRDA:124,20,1,1
BRDA:151,21,0,1
BRDA:151,21,1,0
BRDA:154,22,0,1
BRDA:154,22,1,0
BRDA:164,23,0,0
BRDA:164,23,1,1
BRDA:9,24,0,1
BRDA:9,24,1,0
BRDA:9,25,0,1
BRDA:9,25,1,1
BRF:51
BRH:40
end_of_record
TN:
SF:src\auth\auth.service.ts
FN:9,(anonymous_11)
FN:14,(anonymous_12)
FN:24,(anonymous_13)
FN:40,(anonymous_14)
FN:60,(anonymous_15)
FN:72,(anonymous_16)
FNF:6
FNH:6
FNDA:11,(anonymous_11)
FNDA:3,(anonymous_12)
FNDA:2,(anonymous_13)
FNDA:2,(anonymous_14)
FNDA:2,(anonymous_15)
FNDA:2,(anonymous_16)
DA:1,1
DA:2,1
DA:3,1
DA:4,1
DA:8,1
DA:10,11
DA:11,11
DA:15,3
DA:16,3
DA:17,1
DA:18,1
DA:19,1
DA:21,2
DA:25,2
DA:26,2
DA:46,2
DA:47,1
DA:49,1
DA:50,1
DA:57,1
DA:61,2
DA:62,2
DA:63,1
DA:65,1
DA:73,2
DA:74,2
DA:75,1
DA:77,1
DA:78,1
DA:79,1
LF:30
LH:30
BRDA:16,0,0,1
BRDA:16,0,1,2
BRDA:16,1,0,3
BRDA:16,1,1,2
BRDA:46,2,0,1
BRDA:46,2,1,1
BRDA:46,3,0,2
BRDA:46,3,1,1
BRDA:46,3,2,1
BRDA:46,3,3,1
BRDA:62,4,0,1
BRDA:62,4,1,1
BRDA:74,5,0,1
BRDA:74,5,1,1
BRDA:10,6,0,1
BRDA:10,6,1,0
BRDA:10,7,0,1
BRDA:10,7,1,1
BRDA:10,8,0,1
BRDA:10,8,1,0
BRDA:10,9,0,1
BRDA:10,9,1,1
BRF:22
BRH:20
end_of_record
TN:
SF:src\conversation\conversation.service.ts
FN:6,(anonymous_2)
FN:8,(anonymous_3)
FN:17,(anonymous_4)
FN:24,(anonymous_5)
FN:35,(anonymous_6)
FN:41,(anonymous_7)
FNF:6
FNH:6
FNDA:6,(anonymous_2)
FNDA:1,(anonymous_3)
FNDA:1,(anonymous_4)
FNDA:1,(anonymous_5)
FNDA:1,(anonymous_6)
FNDA:1,(anonymous_7)
DA:1,1
DA:2,1
DA:5,1
DA:6,6
DA:9,1
DA:18,1
DA:25,1
DA:36,1
DA:42,1
LF:9
LH:9
BRDA:6,0,0,1
BRDA:6,0,1,0
BRDA:6,1,0,1
BRDA:6,1,1,1
BRF:4
BRH:3
end_of_record
TN:
SF:src\emergency\emergency.service.ts
FN:8,(anonymous_2)
FN:40,(anonymous_3)
FN:77,(anonymous_4)
FN:81,(anonymous_5)
FN:82,(anonymous_6)
FN:93,(anonymous_7)
FNF:6
FNH:6
FNDA:5,(anonymous_2)
FNDA:1,(anonymous_3)
FNDA:2,(anonymous_4)
FNDA:2,(anonymous_5)
FNDA:3,(anonymous_6)
FNDA:1,(anonymous_7)
DA:1,1
DA:2,1
DA:5,1
DA:6,5
DA:8,5
DA:9,5
DA:44,1
DA:49,1
DA:60,1
DA:62,1
DA:66,1
DA:78,2
DA:82,3
DA:83,2
DA:84,1
DA:86,1
DA:87,1
DA:88,1
DA:90,1
DA:94,1
LF:20
LH:20
BRDA:53,0,0,1
BRDA:53,0,1,0
BRDA:57,1,0,1
BRDA:57,1,1,0
BRDA:83,2,0,1
BRDA:83,2,1,1
BRDA:87,3,0,1
BRDA:87,3,1,0
BRDA:96,4,0,1
BRDA:96,4,1,0
BRDA:97,5,0,1
BRDA:97,5,1,0
BRDA:8,6,0,1
BRDA:8,6,1,0
BRDA:8,7,0,1
BRDA:8,7,1,1
BRF:16
BRH:10
end_of_record
TN:
SF:src\users\users.service.ts
FN:7,(anonymous_2)
FN:9,(anonymous_3)
FN:15,(anonymous_4)
FN:21,(anonymous_5)
FN:44,(anonymous_6)
FNF:5
FNH:4
FNDA:6,(anonymous_2)
FNDA:4,(anonymous_3)
FNDA:1,(anonymous_4)
FNDA:2,(anonymous_5)
FNDA:0,(anonymous_6)
DA:1,2
DA:2,2
DA:6,2
DA:7,6
DA:10,4
DA:16,1
DA:27,2
DA:28,2
DA:29,1
DA:32,1
DA:45,0
LF:11
LH:10
BRDA:28,0,0,1
BRDA:28,0,1,1
BRDA:7,1,0,2
BRDA:7,1,1,0
BRDA:7,2,0,2
BRDA:7,2,1,2
BRF:6
BRH:5
end_of_record
